<?xml version="1.0" encoding="UTF-8"?>
<!-- Generated by org.testng.reporters.JUnitXMLReporter -->
<testsuite ignored="1" hostname="ISCISNB138" failures="2" tests="4" name="Surefire test" time="380.533" errors="0" timestamp="2026-06-02T11:13:29 IST">
  <testcase classname="tests.LoginTest" name="ApplyLeave" time="51.784">
    <failure type="java.lang.AssertionError" message="Leave application failed. Message displayed: Leave already applied for this period">
      <![CDATA[java.lang.AssertionError: Leave application failed. Message displayed: Leave already applied for this period
at pages.ApplyLeave.ApplyLeavePortal(ApplyLeave.java:81)
at tests.LoginTest.ApplyLeave(LoginTest.java:98)
at java.base/java.util.ArrayList.forEach(ArrayList.java:1597)
... Removed 31 stack frames]]>
    </failure>
  </testcase> <!-- ApplyLeave -->
  <testcase classname="tests.LoginTest" name="ApplyPermission" time="29.094">
    <failure type="java.lang.AssertionError" message="Leave application failed. Message displayed: Permission has been applied in this duration">
      <![CDATA[java.lang.AssertionError: Leave application failed. Message displayed: Permission has been applied in this duration
at pages.ApplyPermission.ApplyPermissionPortal(ApplyPermission.java:77)
at tests.LoginTest.ApplyPermission(LoginTest.java:79)
at java.base/java.util.ArrayList.forEach(ArrayList.java:1597)
... Removed 31 stack frames]]>
    </failure>
  </testcase> <!-- ApplyPermission -->
  <testcase classname="tests.LoginTest" name="MultipleClaim" time="171.284"/>
  <testcase classname="tests.LoginTest" name="SingleClaim" time="117.13"/>
  <testcase classname="tests.LoginTest" name="ApplyLeaveCancel" time="0.0">
    <ignored/>
  </testcase> <!-- ApplyLeaveCancel -->
</testsuite> <!-- Surefire test -->
