<?xml version="1.0" encoding="UTF-8"?>
<!-- Generated by org.testng.reporters.JUnitXMLReporter -->
<testsuite ignored="0" hostname="ISCISNB138" failures="3" tests="5" name="Test" time="370.185" errors="0" timestamp="2026-06-02T11:04:19 IST">
  <testcase classname="tests.LoginTest" name="ApplyLeave" time="45.339">
    <failure type="java.lang.AssertionError" message="Leave application failed. Message displayed: Leave already applied for this period">
      <![CDATA[java.lang.AssertionError: Leave application failed. Message displayed: Leave already applied for this period
at pages.ApplyLeave.ApplyLeavePortal(ApplyLeave.java:81)
at tests.LoginTest.ApplyLeave(LoginTest.java:98)
at java.base/java.util.ArrayList.forEach(ArrayList.java:1597)
... Removed 26 stack frames]]>
    </failure>
  </testcase> <!-- ApplyLeave -->
  <testcase classname="tests.LoginTest" name="ApplyLeaveCancel" time="0.0">
    <failure type="org.testng.TestNGException" message="
Method public void tests.LoginTest.ApplyLeaveCancel(java.lang.String,java.lang.String) requires a @DataProvider named : loginData in class utilities.Utilities">
      <![CDATA[org.testng.TestNGException: 
Method public void tests.LoginTest.ApplyLeaveCancel(java.lang.String,java.lang.String) requires a @DataProvider named : loginData in class utilities.Utilities
at java.base/java.util.ArrayList.forEach(ArrayList.java:1597)
... Removed 24 stack frames]]>
    </failure>
  </testcase> <!-- ApplyLeaveCancel -->
  <testcase classname="tests.LoginTest" name="ApplyPermission" time="34.444">
    <failure type="java.lang.AssertionError" message="Leave application failed. Message displayed: Permission has been applied in this duration">
      <![CDATA[java.lang.AssertionError: Leave application failed. Message displayed: Permission has been applied in this duration
at pages.ApplyPermission.ApplyPermissionPortal(ApplyPermission.java:77)
at tests.LoginTest.ApplyPermission(LoginTest.java:79)
at java.base/java.util.ArrayList.forEach(ArrayList.java:1597)
... Removed 26 stack frames]]>
    </failure>
  </testcase> <!-- ApplyPermission -->
  <testcase classname="tests.LoginTest" name="MultipleClaim" time="161.596"/>
  <testcase classname="tests.LoginTest" name="SingleClaim" time="114.872"/>
</testsuite> <!-- Test -->
