<?xml version="1.0" encoding="UTF-8"?>
<testng-results ignored="0" total="4" passed="2" failed="2" skipped="0">
  <reporter-output>
  </reporter-output>
  <suite started-at="2026-06-02T11:07:08 IST" name="Surefire suite" finished-at="2026-06-02T11:13:29 IST" duration-ms="380533">
    <groups>
    </groups>
    <test started-at="2026-06-02T11:07:08 IST" name="Surefire test" finished-at="2026-06-02T11:13:29 IST" duration-ms="380533">
      <class name="tests.LoginTest">
        <test-method is-config="true" signature="setUp()[pri:0, instance:tests.LoginTest@5cee5251]" started-at="2026-06-02T11:07:09 IST" name="setUp" finished-at="2026-06-02T11:07:12 IST" duration-ms="2382" status="PASS">
          <reporter-output>
          </reporter-output>
        </test-method> <!-- setUp -->
        <test-method signature="ApplyLeave(java.lang.String,java.lang.String,java.lang.String,java.lang.String)[pri:0, instance:tests.LoginTest@5cee5251]" started-at="2026-06-02T11:07:12 IST" name="ApplyLeave" data-provider="leaveData" finished-at="2026-06-02T11:08:04 IST" duration-ms="51784" status="FAIL">
          <params>
            <param index="0">
              <value>
                <![CDATA[Dhuru]]>
              </value>
            </param>
            <param index="1">
              <value>
                <![CDATA[qaz4321]]>
              </value>
            </param>
            <param index="2">
              <value>
                <![CDATA[01-Jun-2026]]>
              </value>
            </param>
            <param index="3">
              <value>
                <![CDATA[01-Jun-2026]]>
              </value>
            </param>
          </params>
          <exception class="java.lang.AssertionError">
            <message>
              <![CDATA[Leave application failed. Message displayed: Leave already applied for this period]]>
            </message>
            <full-stacktrace>
              <![CDATA[java.lang.AssertionError: Leave application failed. Message displayed: Leave already applied for this period
at org.testng.Assert.fail(Assert.java:111)
at pages.ApplyLeave.ApplyLeavePortal(ApplyLeave.java:81)
at tests.LoginTest.ApplyLeave(LoginTest.java:98)
at java.base/jdk.internal.reflect.DirectMethodHandleAccessor.invoke(DirectMethodHandleAccessor.java:103)
at java.base/java.lang.reflect.Method.invoke(Method.java:580)
at org.testng.internal.invokers.MethodInvocationHelper.invokeMethod(MethodInvocationHelper.java:141)
at org.testng.internal.invokers.TestInvoker.invokeMethod(TestInvoker.java:686)
at org.testng.internal.invokers.TestInvoker.invokeTestMethod(TestInvoker.java:230)
at org.testng.internal.invokers.MethodRunner.runInSequence(MethodRunner.java:63)
at org.testng.internal.invokers.TestInvoker$MethodInvocationAgent.invoke(TestInvoker.java:992)
at org.testng.internal.invokers.TestInvoker.invokeTestMethods(TestInvoker.java:203)
at org.testng.internal.invokers.TestMethodWorker.invokeTestMethods(TestMethodWorker.java:154)
at org.testng.internal.invokers.TestMethodWorker.run(TestMethodWorker.java:134)
at java.base/java.util.ArrayList.forEach(ArrayList.java:1597)
at org.testng.TestRunner.privateRun(TestRunner.java:739)
at org.testng.TestRunner.run(TestRunner.java:614)
at org.testng.SuiteRunner.runTest(SuiteRunner.java:421)
at org.testng.SuiteRunner.runSequentially(SuiteRunner.java:413)
at org.testng.SuiteRunner.privateRun(SuiteRunner.java:373)
at org.testng.SuiteRunner.run(SuiteRunner.java:312)
at org.testng.SuiteRunnerWorker.runSuite(SuiteRunnerWorker.java:52)
at org.testng.SuiteRunnerWorker.run(SuiteRunnerWorker.java:95)
at org.testng.TestNG.runSuitesSequentially(TestNG.java:1274)
at org.testng.TestNG.runSuitesLocally(TestNG.java:1208)
at org.testng.TestNG.runSuites(TestNG.java:1112)
at org.testng.TestNG.run(TestNG.java:1079)
at org.apache.maven.surefire.testng.TestNGExecutor.run(TestNGExecutor.java:155)
at org.apache.maven.surefire.testng.TestNGDirectoryTestSuite.executeMulti(TestNGDirectoryTestSuite.java:169)
at org.apache.maven.surefire.testng.TestNGDirectoryTestSuite.execute(TestNGDirectoryTestSuite.java:88)
at org.apache.maven.surefire.testng.TestNGProvider.invoke(TestNGProvider.java:137)
at org.apache.maven.surefire.booter.ForkedBooter.runSuitesInProcess(ForkedBooter.java:385)
at org.apache.maven.surefire.booter.ForkedBooter.execute(ForkedBooter.java:162)
at org.apache.maven.surefire.booter.ForkedBooter.run(ForkedBooter.java:507)
at org.apache.maven.surefire.booter.ForkedBooter.main(ForkedBooter.java:495)
]]>
            </full-stacktrace>
          </exception> <!-- java.lang.AssertionError -->
          <reporter-output>
          </reporter-output>
        </test-method> <!-- ApplyLeave -->
        <test-method is-config="true" signature="tearDown()[pri:0, instance:tests.LoginTest@5cee5251]" started-at="2026-06-02T11:08:04 IST" name="tearDown" finished-at="2026-06-02T11:08:04 IST" duration-ms="205" status="PASS">
          <reporter-output>
          </reporter-output>
        </test-method> <!-- tearDown -->
        <test-method is-config="true" signature="setUp()[pri:0, instance:tests.LoginTest@5cee5251]" started-at="2026-06-02T11:08:04 IST" name="setUp" finished-at="2026-06-02T11:08:06 IST" duration-ms="2437" status="PASS">
          <reporter-output>
          </reporter-output>
        </test-method> <!-- setUp -->
        <test-method signature="ApplyPermission(java.lang.String,java.lang.String,java.lang.String)[pri:0, instance:tests.LoginTest@5cee5251]" started-at="2026-06-02T11:08:06 IST" name="ApplyPermission" data-provider="PermissionData" finished-at="2026-06-02T11:08:35 IST" duration-ms="29094" status="FAIL">
          <params>
            <param index="0">
              <value>
                <![CDATA[Dhuru]]>
              </value>
            </param>
            <param index="1">
              <value>
                <![CDATA[qaz4321]]>
              </value>
            </param>
            <param index="2">
              <value>
                <![CDATA[01-Jun-2026]]>
              </value>
            </param>
          </params>
          <exception class="java.lang.AssertionError">
            <message>
              <![CDATA[Leave application failed. Message displayed: Permission has been applied in this duration]]>
            </message>
            <full-stacktrace>
              <![CDATA[java.lang.AssertionError: Leave application failed. Message displayed: Permission has been applied in this duration
at org.testng.Assert.fail(Assert.java:111)
at pages.ApplyPermission.ApplyPermissionPortal(ApplyPermission.java:77)
at tests.LoginTest.ApplyPermission(LoginTest.java:79)
at java.base/jdk.internal.reflect.DirectMethodHandleAccessor.invoke(DirectMethodHandleAccessor.java:103)
at java.base/java.lang.reflect.Method.invoke(Method.java:580)
at org.testng.internal.invokers.MethodInvocationHelper.invokeMethod(MethodInvocationHelper.java:141)
at org.testng.internal.invokers.TestInvoker.invokeMethod(TestInvoker.java:686)
at org.testng.internal.invokers.TestInvoker.invokeTestMethod(TestInvoker.java:230)
at org.testng.internal.invokers.MethodRunner.runInSequence(MethodRunner.java:63)
at org.testng.internal.invokers.TestInvoker$MethodInvocationAgent.invoke(TestInvoker.java:992)
at org.testng.internal.invokers.TestInvoker.invokeTestMethods(TestInvoker.java:203)
at org.testng.internal.invokers.TestMethodWorker.invokeTestMethods(TestMethodWorker.java:154)
at org.testng.internal.invokers.TestMethodWorker.run(TestMethodWorker.java:134)
at java.base/java.util.ArrayList.forEach(ArrayList.java:1597)
at org.testng.TestRunner.privateRun(TestRunner.java:739)
at org.testng.TestRunner.run(TestRunner.java:614)
at org.testng.SuiteRunner.runTest(SuiteRunner.java:421)
at org.testng.SuiteRunner.runSequentially(SuiteRunner.java:413)
at org.testng.SuiteRunner.privateRun(SuiteRunner.java:373)
at org.testng.SuiteRunner.run(SuiteRunner.java:312)
at org.testng.SuiteRunnerWorker.runSuite(SuiteRunnerWorker.java:52)
at org.testng.SuiteRunnerWorker.run(SuiteRunnerWorker.java:95)
at org.testng.TestNG.runSuitesSequentially(TestNG.java:1274)
at org.testng.TestNG.runSuitesLocally(TestNG.java:1208)
at org.testng.TestNG.runSuites(TestNG.java:1112)
at org.testng.TestNG.run(TestNG.java:1079)
at org.apache.maven.surefire.testng.TestNGExecutor.run(TestNGExecutor.java:155)
at org.apache.maven.surefire.testng.TestNGDirectoryTestSuite.executeMulti(TestNGDirectoryTestSuite.java:169)
at org.apache.maven.surefire.testng.TestNGDirectoryTestSuite.execute(TestNGDirectoryTestSuite.java:88)
at org.apache.maven.surefire.testng.TestNGProvider.invoke(TestNGProvider.java:137)
at org.apache.maven.surefire.booter.ForkedBooter.runSuitesInProcess(ForkedBooter.java:385)
at org.apache.maven.surefire.booter.ForkedBooter.execute(ForkedBooter.java:162)
at org.apache.maven.surefire.booter.ForkedBooter.run(ForkedBooter.java:507)
at org.apache.maven.surefire.booter.ForkedBooter.main(ForkedBooter.java:495)
]]>
            </full-stacktrace>
          </exception> <!-- java.lang.AssertionError -->
          <reporter-output>
          </reporter-output>
        </test-method> <!-- ApplyPermission -->
        <test-method is-config="true" signature="tearDown()[pri:0, instance:tests.LoginTest@5cee5251]" started-at="2026-06-02T11:08:35 IST" name="tearDown" finished-at="2026-06-02T11:08:36 IST" duration-ms="205" status="PASS">
          <reporter-output>
          </reporter-output>
        </test-method> <!-- tearDown -->
        <test-method is-config="true" signature="setUp()[pri:0, instance:tests.LoginTest@5cee5251]" started-at="2026-06-02T11:08:36 IST" name="setUp" finished-at="2026-06-02T11:08:38 IST" duration-ms="2058" status="PASS">
          <reporter-output>
          </reporter-output>
        </test-method> <!-- setUp -->
        <test-method signature="MultipleClaim(java.lang.String,java.lang.String,java.lang.String,java.lang.String,int)[pri:0, instance:tests.LoginTest@5cee5251]" started-at="2026-06-02T11:08:38 IST" name="MultipleClaim" data-provider="MultipleClaimData" finished-at="2026-06-02T11:11:29 IST" duration-ms="171284" status="PASS">
          <params>
            <param index="0">
              <value>
                <![CDATA[Dhuru]]>
              </value>
            </param>
            <param index="1">
              <value>
                <![CDATA[qaz4321]]>
              </value>
            </param>
            <param index="2">
              <value>
                <![CDATA[01-Jun-2026]]>
              </value>
            </param>
            <param index="3">
              <value>
                <![CDATA[01-Jun-2026]]>
              </value>
            </param>
            <param index="4">
              <value>
                <![CDATA[10]]>
              </value>
            </param>
          </params>
          <reporter-output>
          </reporter-output>
        </test-method> <!-- MultipleClaim -->
        <test-method is-config="true" signature="tearDown()[pri:0, instance:tests.LoginTest@5cee5251]" started-at="2026-06-02T11:11:29 IST" name="tearDown" finished-at="2026-06-02T11:11:29 IST" duration-ms="261" status="PASS">
          <reporter-output>
          </reporter-output>
        </test-method> <!-- tearDown -->
        <test-method is-config="true" signature="setUp()[pri:0, instance:tests.LoginTest@5cee5251]" started-at="2026-06-02T11:11:30 IST" name="setUp" finished-at="2026-06-02T11:11:31 IST" duration-ms="1641" status="PASS">
          <reporter-output>
          </reporter-output>
        </test-method> <!-- setUp -->
        <test-method signature="SingleClaim(java.lang.String,java.lang.String,java.lang.String,java.lang.String)[pri:1, instance:tests.LoginTest@5cee5251]" started-at="2026-06-02T11:11:31 IST" name="SingleClaim" data-provider="SingleClaimData" finished-at="2026-06-02T11:13:28 IST" duration-ms="117130" status="PASS">
          <params>
            <param index="0">
              <value>
                <![CDATA[Dhuru]]>
              </value>
            </param>
            <param index="1">
              <value>
                <![CDATA[qaz4321]]>
              </value>
            </param>
            <param index="2">
              <value>
                <![CDATA[01-Jun-2026]]>
              </value>
            </param>
            <param index="3">
              <value>
                <![CDATA[01-Jun-2026]]>
              </value>
            </param>
          </params>
          <reporter-output>
          </reporter-output>
        </test-method> <!-- SingleClaim -->
        <test-method is-config="true" signature="tearDown()[pri:0, instance:tests.LoginTest@5cee5251]" started-at="2026-06-02T11:13:28 IST" name="tearDown" finished-at="2026-06-02T11:13:29 IST" duration-ms="481" status="PASS">
          <reporter-output>
          </reporter-output>
        </test-method> <!-- tearDown -->
      </class> <!-- tests.LoginTest -->
    </test> <!-- Surefire test -->
  </suite> <!-- Surefire suite -->
</testng-results>
