<?xml version="1.0" encoding="UTF-8"?>
<testng-results ignored="0" total="5" passed="2" failed="3" skipped="0">
  <reporter-output>
  </reporter-output>
  <suite started-at="2026-06-02T10:58:09 IST" name="Suite" finished-at="2026-06-02T11:04:19 IST" duration-ms="370185">
    <groups>
    </groups>
    <test started-at="2026-06-02T10:58:09 IST" name="Test" finished-at="2026-06-02T11:04:19 IST" duration-ms="370185">
      <class name="tests.LoginTest">
        <test-method is-config="true" signature="setUp()[pri:0, instance:tests.LoginTest@5aebe890]" started-at="2026-06-02T10:58:11 IST" name="setUp" finished-at="2026-06-02T10:58:14 IST" duration-ms="3220" status="PASS">
          <reporter-output>
          </reporter-output>
        </test-method> <!-- setUp -->
        <test-method signature="ApplyLeave(java.lang.String,java.lang.String,java.lang.String,java.lang.String)[pri:0, instance:tests.LoginTest@5aebe890]" started-at="2026-06-02T10:58:14 IST" name="ApplyLeave" data-provider="leaveData" finished-at="2026-06-02T10:58:59 IST" duration-ms="45339" status="FAIL">
          <params>
            <param index="0">
              <value>
                <![CDATA[Dhuru]]>
              </value>
            </param>
            <param index="1">
              <value>
                <![CDATA[qaz4321]]>
              </value>
            </param>
            <param index="2">
              <value>
                <![CDATA[01-Jun-2026]]>
              </value>
            </param>
            <param index="3">
              <value>
                <![CDATA[01-Jun-2026]]>
              </value>
            </param>
          </params>
          <exception class="java.lang.AssertionError">
            <message>
              <![CDATA[Leave application failed. Message displayed: Leave already applied for this period]]>
            </message>
            <full-stacktrace>
              <![CDATA[java.lang.AssertionError: Leave application failed. Message displayed: Leave already applied for this period
at org.testng.Assert.fail(Assert.java:111)
at pages.ApplyLeave.ApplyLeavePortal(ApplyLeave.java:81)
at tests.LoginTest.ApplyLeave(LoginTest.java:98)
at java.base/jdk.internal.reflect.DirectMethodHandleAccessor.invoke(DirectMethodHandleAccessor.java:103)
at java.base/java.lang.reflect.Method.invoke(Method.java:580)
at org.testng.internal.invokers.MethodInvocationHelper.invokeMethod(MethodInvocationHelper.java:141)
at org.testng.internal.invokers.TestInvoker.invokeMethod(TestInvoker.java:687)
at org.testng.internal.invokers.TestInvoker.invokeTestMethod(TestInvoker.java:230)
at org.testng.internal.invokers.MethodRunner.runInSequence(MethodRunner.java:63)
at org.testng.internal.invokers.TestInvoker$MethodInvocationAgent.invoke(TestInvoker.java:995)
at org.testng.internal.invokers.TestInvoker.invokeTestMethods(TestInvoker.java:203)
at org.testng.internal.invokers.TestMethodWorker.invokeTestMethods(TestMethodWorker.java:154)
at org.testng.internal.invokers.TestMethodWorker.run(TestMethodWorker.java:134)
at java.base/java.util.ArrayList.forEach(ArrayList.java:1597)
at org.testng.TestRunner.privateRun(TestRunner.java:741)
at org.testng.TestRunner.run(TestRunner.java:616)
at org.testng.SuiteRunner.runTest(SuiteRunner.java:421)
at org.testng.SuiteRunner.runSequentially(SuiteRunner.java:413)
at org.testng.SuiteRunner.privateRun(SuiteRunner.java:373)
at org.testng.SuiteRunner.run(SuiteRunner.java:312)
at org.testng.SuiteRunnerWorker.runSuite(SuiteRunnerWorker.java:52)
at org.testng.SuiteRunnerWorker.run(SuiteRunnerWorker.java:95)
at org.testng.TestNG.runSuitesSequentially(TestNG.java:1274)
at org.testng.TestNG.runSuitesLocally(TestNG.java:1208)
at org.testng.TestNG.runSuites(TestNG.java:1112)
at org.testng.TestNG.run(TestNG.java:1079)
at org.testng.remote.AbstractRemoteTestNG.run(AbstractRemoteTestNG.java:115)
at org.testng.remote.RemoteTestNG.initAndRun(RemoteTestNG.java:293)
at org.testng.remote.RemoteTestNG.main(RemoteTestNG.java:91)
]]>
            </full-stacktrace>
          </exception> <!-- java.lang.AssertionError -->
          <reporter-output>
          </reporter-output>
        </test-method> <!-- ApplyLeave -->
        <test-method is-config="true" signature="tearDown()[pri:0, instance:tests.LoginTest@5aebe890]" started-at="2026-06-02T10:58:59 IST" name="tearDown" finished-at="2026-06-02T10:58:59 IST" duration-ms="193" status="PASS">
          <reporter-output>
          </reporter-output>
        </test-method> <!-- tearDown -->
        <test-method signature="ApplyLeaveCancel(java.lang.String,java.lang.String)[pri:0, instance:tests.LoginTest@5aebe890]" started-at="2026-06-02T10:58:59 IST" name="ApplyLeaveCancel" finished-at="2026-06-02T10:58:59 IST" duration-ms="0" status="FAIL">
          <exception class="org.testng.TestNGException">
            <message>
              <![CDATA[
Method public void tests.LoginTest.ApplyLeaveCancel(java.lang.String,java.lang.String) requires a @DataProvider named : loginData in class utilities.Utilities]]>
            </message>
            <full-stacktrace>
              <![CDATA[org.testng.TestNGException: 
Method public void tests.LoginTest.ApplyLeaveCancel(java.lang.String,java.lang.String) requires a @DataProvider named : loginData in class utilities.Utilities
at org.testng.internal.Parameters.findDataProvider(Parameters.java:532)
at org.testng.internal.Parameters.handleParameters(Parameters.java:769)
at org.testng.internal.Parameters.handleParameters(Parameters.java:734)
at org.testng.internal.invokers.ParameterHandler.handleParameters(ParameterHandler.java:72)
at org.testng.internal.invokers.ParameterHandler.createParameters(ParameterHandler.java:51)
at org.testng.internal.invokers.TestInvoker$MethodInvocationAgent.invoke(TestInvoker.java:949)
at org.testng.internal.invokers.TestInvoker.invokeTestMethods(TestInvoker.java:203)
at org.testng.internal.invokers.TestMethodWorker.invokeTestMethods(TestMethodWorker.java:154)
at org.testng.internal.invokers.TestMethodWorker.run(TestMethodWorker.java:134)
at java.base/java.util.ArrayList.forEach(ArrayList.java:1597)
at org.testng.TestRunner.privateRun(TestRunner.java:741)
at org.testng.TestRunner.run(TestRunner.java:616)
at org.testng.SuiteRunner.runTest(SuiteRunner.java:421)
at org.testng.SuiteRunner.runSequentially(SuiteRunner.java:413)
at org.testng.SuiteRunner.privateRun(SuiteRunner.java:373)
at org.testng.SuiteRunner.run(SuiteRunner.java:312)
at org.testng.SuiteRunnerWorker.runSuite(SuiteRunnerWorker.java:52)
at org.testng.SuiteRunnerWorker.run(SuiteRunnerWorker.java:95)
at org.testng.TestNG.runSuitesSequentially(TestNG.java:1274)
at org.testng.TestNG.runSuitesLocally(TestNG.java:1208)
at org.testng.TestNG.runSuites(TestNG.java:1112)
at org.testng.TestNG.run(TestNG.java:1079)
at org.testng.remote.AbstractRemoteTestNG.run(AbstractRemoteTestNG.java:115)
at org.testng.remote.RemoteTestNG.initAndRun(RemoteTestNG.java:293)
at org.testng.remote.RemoteTestNG.main(RemoteTestNG.java:91)
]]>
            </full-stacktrace>
          </exception> <!-- org.testng.TestNGException -->
          <reporter-output>
          </reporter-output>
        </test-method> <!-- ApplyLeaveCancel -->
        <test-method is-config="true" signature="setUp()[pri:0, instance:tests.LoginTest@5aebe890]" started-at="2026-06-02T10:59:00 IST" name="setUp" finished-at="2026-06-02T10:59:01 IST" duration-ms="1507" status="PASS">
          <reporter-output>
          </reporter-output>
        </test-method> <!-- setUp -->
        <test-method signature="ApplyPermission(java.lang.String,java.lang.String,java.lang.String)[pri:0, instance:tests.LoginTest@5aebe890]" started-at="2026-06-02T10:59:01 IST" name="ApplyPermission" data-provider="PermissionData" finished-at="2026-06-02T10:59:36 IST" duration-ms="34444" status="FAIL">
          <params>
            <param index="0">
              <value>
                <![CDATA[Dhuru]]>
              </value>
            </param>
            <param index="1">
              <value>
                <![CDATA[qaz4321]]>
              </value>
            </param>
            <param index="2">
              <value>
                <![CDATA[01-Jun-2026]]>
              </value>
            </param>
          </params>
          <exception class="java.lang.AssertionError">
            <message>
              <![CDATA[Leave application failed. Message displayed: Permission has been applied in this duration]]>
            </message>
            <full-stacktrace>
              <![CDATA[java.lang.AssertionError: Leave application failed. Message displayed: Permission has been applied in this duration
at org.testng.Assert.fail(Assert.java:111)
at pages.ApplyPermission.ApplyPermissionPortal(ApplyPermission.java:77)
at tests.LoginTest.ApplyPermission(LoginTest.java:79)
at java.base/jdk.internal.reflect.DirectMethodHandleAccessor.invoke(DirectMethodHandleAccessor.java:103)
at java.base/java.lang.reflect.Method.invoke(Method.java:580)
at org.testng.internal.invokers.MethodInvocationHelper.invokeMethod(MethodInvocationHelper.java:141)
at org.testng.internal.invokers.TestInvoker.invokeMethod(TestInvoker.java:687)
at org.testng.internal.invokers.TestInvoker.invokeTestMethod(TestInvoker.java:230)
at org.testng.internal.invokers.MethodRunner.runInSequence(MethodRunner.java:63)
at org.testng.internal.invokers.TestInvoker$MethodInvocationAgent.invoke(TestInvoker.java:995)
at org.testng.internal.invokers.TestInvoker.invokeTestMethods(TestInvoker.java:203)
at org.testng.internal.invokers.TestMethodWorker.invokeTestMethods(TestMethodWorker.java:154)
at org.testng.internal.invokers.TestMethodWorker.run(TestMethodWorker.java:134)
at java.base/java.util.ArrayList.forEach(ArrayList.java:1597)
at org.testng.TestRunner.privateRun(TestRunner.java:741)
at org.testng.TestRunner.run(TestRunner.java:616)
at org.testng.SuiteRunner.runTest(SuiteRunner.java:421)
at org.testng.SuiteRunner.runSequentially(SuiteRunner.java:413)
at org.testng.SuiteRunner.privateRun(SuiteRunner.java:373)
at org.testng.SuiteRunner.run(SuiteRunner.java:312)
at org.testng.SuiteRunnerWorker.runSuite(SuiteRunnerWorker.java:52)
at org.testng.SuiteRunnerWorker.run(SuiteRunnerWorker.java:95)
at org.testng.TestNG.runSuitesSequentially(TestNG.java:1274)
at org.testng.TestNG.runSuitesLocally(TestNG.java:1208)
at org.testng.TestNG.runSuites(TestNG.java:1112)
at org.testng.TestNG.run(TestNG.java:1079)
at org.testng.remote.AbstractRemoteTestNG.run(AbstractRemoteTestNG.java:115)
at org.testng.remote.RemoteTestNG.initAndRun(RemoteTestNG.java:293)
at org.testng.remote.RemoteTestNG.main(RemoteTestNG.java:91)
]]>
            </full-stacktrace>
          </exception> <!-- java.lang.AssertionError -->
          <reporter-output>
          </reporter-output>
        </test-method> <!-- ApplyPermission -->
        <test-method is-config="true" signature="tearDown()[pri:0, instance:tests.LoginTest@5aebe890]" started-at="2026-06-02T10:59:36 IST" name="tearDown" finished-at="2026-06-02T10:59:36 IST" duration-ms="300" status="PASS">
          <reporter-output>
          </reporter-output>
        </test-method> <!-- tearDown -->
        <test-method is-config="true" signature="setUp()[pri:0, instance:tests.LoginTest@5aebe890]" started-at="2026-06-02T10:59:36 IST" name="setUp" finished-at="2026-06-02T10:59:40 IST" duration-ms="4078" status="PASS">
          <reporter-output>
          </reporter-output>
        </test-method> <!-- setUp -->
        <test-method signature="MultipleClaim(java.lang.String,java.lang.String,java.lang.String,java.lang.String,int)[pri:0, instance:tests.LoginTest@5aebe890]" started-at="2026-06-02T10:59:40 IST" name="MultipleClaim" data-provider="MultipleClaimData" finished-at="2026-06-02T11:02:22 IST" duration-ms="161596" status="PASS">
          <params>
            <param index="0">
              <value>
                <![CDATA[Dhuru]]>
              </value>
            </param>
            <param index="1">
              <value>
                <![CDATA[qaz4321]]>
              </value>
            </param>
            <param index="2">
              <value>
                <![CDATA[01-Jun-2026]]>
              </value>
            </param>
            <param index="3">
              <value>
                <![CDATA[01-Jun-2026]]>
              </value>
            </param>
            <param index="4">
              <value>
                <![CDATA[10]]>
              </value>
            </param>
          </params>
          <reporter-output>
          </reporter-output>
        </test-method> <!-- MultipleClaim -->
        <test-method is-config="true" signature="tearDown()[pri:0, instance:tests.LoginTest@5aebe890]" started-at="2026-06-02T11:02:22 IST" name="tearDown" finished-at="2026-06-02T11:02:22 IST" duration-ms="189" status="PASS">
          <reporter-output>
          </reporter-output>
        </test-method> <!-- tearDown -->
        <test-method is-config="true" signature="setUp()[pri:0, instance:tests.LoginTest@5aebe890]" started-at="2026-06-02T11:02:22 IST" name="setUp" finished-at="2026-06-02T11:02:24 IST" duration-ms="2149" status="PASS">
          <reporter-output>
          </reporter-output>
        </test-method> <!-- setUp -->
        <test-method signature="SingleClaim(java.lang.String,java.lang.String,java.lang.String,java.lang.String)[pri:1, instance:tests.LoginTest@5aebe890]" started-at="2026-06-02T11:02:24 IST" name="SingleClaim" data-provider="SingleClaimData" finished-at="2026-06-02T11:04:19 IST" duration-ms="114872" status="PASS">
          <params>
            <param index="0">
              <value>
                <![CDATA[Dhuru]]>
              </value>
            </param>
            <param index="1">
              <value>
                <![CDATA[qaz4321]]>
              </value>
            </param>
            <param index="2">
              <value>
                <![CDATA[01-Jun-2026]]>
              </value>
            </param>
            <param index="3">
              <value>
                <![CDATA[01-Jun-2026]]>
              </value>
            </param>
          </params>
          <reporter-output>
          </reporter-output>
        </test-method> <!-- SingleClaim -->
        <test-method is-config="true" signature="tearDown()[pri:0, instance:tests.LoginTest@5aebe890]" started-at="2026-06-02T11:04:19 IST" name="tearDown" finished-at="2026-06-02T11:04:19 IST" duration-ms="179" status="PASS">
          <reporter-output>
          </reporter-output>
        </test-method> <!-- tearDown -->
      </class> <!-- tests.LoginTest -->
    </test> <!-- Test -->
  </suite> <!-- Suite -->
</testng-results>
